[debug] [2023-06-04T10:20:17.264Z] ----------------------------------------------------------------------
[debug] [2023-06-04T10:20:17.265Z] Command:       /Users/ramiro/.nvm/versions/node/v16.19.1/bin/node /Users/ramiro/.nvm/versions/node/v16.19.1/bin/firebase init
[debug] [2023-06-04T10:20:17.266Z] CLI Version:   12.3.0
[debug] [2023-06-04T10:20:17.266Z] Platform:      darwin
[debug] [2023-06-04T10:20:17.266Z] Node Version:  v16.19.1
[debug] [2023-06-04T10:20:17.267Z] Time:          Sun Jun 04 2023 11:20:17 GMT+0100 (British Summer Time)
[debug] [2023-06-04T10:20:17.267Z] ----------------------------------------------------------------------
[debug] 
[debug] [2023-06-04T10:20:17.270Z] > command requires scopes: ["email","openid","https://www.googleapis.com/auth/cloudplatformprojects.readonly","https://www.googleapis.com/auth/firebase","https://www.googleapis.com/auth/cloud-platform"]
[debug] [2023-06-04T10:20:17.270Z] > authorizing via signed-in user (ramirodlp@gmail.com)
[info] 
     ######## #### ########  ######## ########     ###     ######  ########
     ##        ##  ##     ## ##       ##     ##  ##   ##  ##       ##
     ######    ##  ########  ######   ########  #########  ######  ######
     ##        ##  ##    ##  ##       ##     ## ##     ##       ## ##
     ##       #### ##     ## ######## ########  ##     ##  ######  ########

You're about to initialize a Firebase project in this directory:

  /Users/ramiro/ramiro-uk

[info] 
=== Project Setup
[info] 
[info] First, let's associate this project directory with a Firebase project.
[info] You can create multiple project aliases by running firebase use --add, 
[info] but for now we'll just set up a default project.
[info] 
[debug] [2023-06-04T10:21:58.353Z] >>> [apiv2][query] GET https://firebase.googleapis.com/v1beta1/projects pageSize=100
[debug] [2023-06-04T10:21:59.006Z] <<< [apiv2][status] GET https://firebase.googleapis.com/v1beta1/projects 200
[debug] [2023-06-04T10:21:59.007Z] <<< [apiv2][body] GET https://firebase.googleapis.com/v1beta1/projects [omitted]
[info] i  Using project ramirouk-2845b (RamiroUK) 
[info] 
=== Hosting Setup
[info] 
[info] Your public directory is the folder (relative to your project directory) that
[info] will contain Hosting assets to be uploaded with firebase deploy. If you
[info] have a build process for your assets, use your build's output directory.
[info] 
[debug] [2023-06-04T10:22:32.819Z] >>> [apiv2][query] GET https://www.gstatic.com/firebasejs/releases.json [none]
[debug] [2023-06-04T10:22:32.898Z] <<< [apiv2][status] GET https://www.gstatic.com/firebasejs/releases.json 200
[debug] [2023-06-04T10:22:32.898Z] <<< [apiv2][body] GET https://www.gstatic.com/firebasejs/releases.json {"current":{"version":"9.22.1","browserURL":"https://www.gstatic.com/firebasejs/9.22.1/firebase.js","packageURL":"https://www.gstatic.com/firebasejs/9.22.1/firebase.tgz"},"live":{"version":"9.22","browserURL":"https://www.gstatic.com/firebasejs/live/9.22/firebase.js","packageURL":"https://www.gstatic.com/firebasejs/live/9.22/firebase.tgz"},"components":{"analytics":"https://www.gstatic.com/firebasejs/9.22.1/firebase-analytics.js","app":"https://www.gstatic.com/firebasejs/9.22.1/firebase-app.js","app-check":"https://www.gstatic.com/firebasejs/9.22.1/firebase-app-check.js","auth":"https://www.gstatic.com/firebasejs/9.22.1/firebase-auth.js","auth/cordova":"https://www.gstatic.com/firebasejs/9.22.1/firebase-auth/cordova.js","auth/react-native":"https://www.gstatic.com/firebasejs/9.22.1/firebase-auth/react-native.js","functions":"https://www.gstatic.com/firebasejs/9.22.1/firebase-functions.js","firestore":"https://www.gstatic.com/firebasejs/9.22.1/firebase-firestore.js","firestore/lite":"https://www.gstatic.com/firebasejs/9.22.1/firebase-firestore/lite.js","installations":"https://www.gstatic.com/firebasejs/9.22.1/firebase-installations.js","storage":"https://www.gstatic.com/firebasejs/9.22.1/firebase-storage.js","performance":"https://www.gstatic.com/firebasejs/9.22.1/firebase-performance.js","remote-config":"https://www.gstatic.com/firebasejs/9.22.1/firebase-remote-config.js","messaging":"https://www.gstatic.com/firebasejs/9.22.1/firebase-messaging.js","messaging/sw":"https://www.gstatic.com/firebasejs/9.22.1/firebase-messaging/sw.js","database":"https://www.gstatic.com/firebasejs/9.22.1/firebase-database.js","firestore.memory":"https://www.gstatic.com/firebasejs/9.22.1/firebase-firestore.memory.js"}}
[info] ✔  Wrote public/index.html 
[info] 
[info] i  Detected a .git folder at /Users/ramiro/ramiro-uk 
[info] i  Authorizing with GitHub to upload your service account to a GitHub repository's secrets store. 
[info] 
[info] Visit this URL on this device to log in:
[info] https://github.com/login/oauth/authorize?client_id=89cf50f02ac6aaed3484&state=415786232&redirect_uri=http%3A%2F%2Flocalhost%3A9005&scope=read%3Auser%20repo%20public_repo
[info] 
[info] Waiting for authentication...
[debug] [2023-06-04T10:23:34.824Z] >>> [apiv2][query] POST https://github.com/login/oauth/access_token [none]
[debug] [2023-06-04T10:23:34.824Z] >>> [apiv2][body] POST https://github.com/login/oauth/access_token [stream]
[debug] [2023-06-04T10:23:35.176Z] <<< [apiv2][status] POST https://github.com/login/oauth/access_token 200
[debug] [2023-06-04T10:23:35.176Z] <<< [apiv2][body] POST https://github.com/login/oauth/access_token {"access_token":"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","token_type":"bearer","scope":"read:user,repo"}
[debug] [2023-06-04T10:23:35.182Z] >>> [apiv2][query] GET https://api.github.com/user [none]
[debug] [2023-06-04T10:23:35.566Z] <<< [apiv2][status] GET https://api.github.com/user 200
[debug] [2023-06-04T10:23:35.566Z] <<< [apiv2][body] GET https://api.github.com/user {"login":"RamProg","id":64564058,"node_id":"MDQ6VXNlcjY0NTY0MDU4","avatar_url":"https://avatars.githubusercontent.com/u/64564058?v=4","gravatar_id":"","url":"https://api.github.com/users/RamProg","html_url":"https://github.com/RamProg","followers_url":"https://api.github.com/users/RamProg/followers","following_url":"https://api.github.com/users/RamProg/following{/other_user}","gists_url":"https://api.github.com/users/RamProg/gists{/gist_id}","starred_url":"https://api.github.com/users/RamProg/starred{/owner}{/repo}","subscriptions_url":"https://api.github.com/users/RamProg/subscriptions","organizations_url":"https://api.github.com/users/RamProg/orgs","repos_url":"https://api.github.com/users/RamProg/repos","events_url":"https://api.github.com/users/RamProg/events{/privacy}","received_events_url":"https://api.github.com/users/RamProg/received_events","type":"User","site_admin":false,"name":null,"company":null,"blog":"","location":null,"email":null,"hireable":null,"bio":"Developing for the masses","twitter_username":null,"public_repos":17,"public_gists":0,"followers":6,"following":5,"created_at":"2020-04-29T23:46:26Z","updated_at":"2023-05-31T08:21:13Z","private_gists":0,"total_private_repos":8,"owned_private_repos":6,"disk_usage":23021,"collaborators":6,"two_factor_authentication":true,"plan":{"name":"free","space":976562499,"collaborators":0,"private_repos":10000}}
[info] 
[info] ✔  Success! Logged into GitHub as RamProg 
[info] 
[debug] [2023-06-04T10:23:57.860Z] >>> [apiv2][query] GET https://api.github.com/repos/ramiro-uk/actions/secrets/public-key type=owner
[debug] [2023-06-04T10:23:58.081Z] <<< [apiv2][status] GET https://api.github.com/repos/ramiro-uk/actions/secrets/public-key 404
[debug] [2023-06-04T10:23:58.081Z] <<< [apiv2][body] GET https://api.github.com/repos/ramiro-uk/actions/secrets/public-key {"message":"Not Found","documentation_url":"https://docs.github.com/rest"}
[info] 
[info] 
[error] ⚠  The provided authorization cannot be used with this repository. If this repository is in an organization, did you remember to grant access? 
[info] 
[info] i  Action required: Visit this URL to ensure access has been granted to the appropriate organization(s) for the Firebase CLI GitHub OAuth App: 
[info] https://github.com/settings/connections/applications/89cf50f02ac6aaed3484
[info] 
